
  .   ____          _            __ _ _
 /\\ / ___'_ __ _ _(_)_ __  __ _ \ \ \ \
( ( )\___ | '_ | '_| | '_ \/ _` | \ \ \ \
 \\/  ___)| |_)| | | | | || (_| |  ) ) ) )
  '  |____| .__|_| |_|_| |_\__, | / / / /
 =========|_|==============|___/=/_/_/_/

 :: Spring Boot ::               (v3.5.12)

2026-04-13T10:45:55.567+05:30  INFO 5744 --- [quantity-measurement-app] [           main] c.a.q.QuantityMeasurementAppApplication  : Starting QuantityMeasurementAppApplication v0.0.1-SNAPSHOT using Java 21.0.10 with PID 5744 (C:\Users\Tanishq Gupta\quantity-measurement-app\target\quantity-measurement-app-0.0.1-SNAPSHOT.jar started by Tanishq Gupta in C:\Users\Tanishq Gupta\quantity-measurement-app)
2026-04-13T10:45:55.586+05:30  INFO 5744 --- [quantity-measurement-app] [           main] c.a.q.QuantityMeasurementAppApplication  : No active profile set, falling back to 1 default profile: "default"
2026-04-13T10:46:05.487+05:30  INFO 5744 --- [quantity-measurement-app] [           main] .s.d.r.c.RepositoryConfigurationDelegate : Bootstrapping Spring Data JPA repositories in DEFAULT mode.
2026-04-13T10:46:05.874+05:30  INFO 5744 --- [quantity-measurement-app] [           main] .s.d.r.c.RepositoryConfigurationDelegate : Finished Spring Data repository scanning in 337 ms. Found 3 JPA repository interfaces.
2026-04-13T10:46:12.929+05:30  INFO 5744 --- [quantity-measurement-app] [           main] o.s.b.w.embedded.tomcat.TomcatWebServer  : Tomcat initialized with port 8080 (http)
2026-04-13T10:46:12.996+05:30  INFO 5744 --- [quantity-measurement-app] [           main] o.apache.catalina.core.StandardService   : Starting service [Tomcat]
2026-04-13T10:46:12.998+05:30  INFO 5744 --- [quantity-measurement-app] [           main] o.apache.catalina.core.StandardEngine    : Starting Servlet engine: [Apache Tomcat/10.1.52]
2026-04-13T10:46:13.225+05:30  INFO 5744 --- [quantity-measurement-app] [           main] o.a.c.c.C.[Tomcat].[localhost].[/]       : Initializing Spring embedded WebApplicationContext
2026-04-13T10:46:13.236+05:30  INFO 5744 --- [quantity-measurement-app] [           main] w.s.c.ServletWebServerApplicationContext : Root WebApplicationContext: initialization completed in 17376 ms
2026-04-13T10:46:14.818+05:30  INFO 5744 --- [quantity-measurement-app] [           main] o.hibernate.jpa.internal.util.LogHelper  : HHH000204: Processing PersistenceUnitInfo [name: default]
2026-04-13T10:46:15.162+05:30  INFO 5744 --- [quantity-measurement-app] [           main] org.hibernate.Version                    : HHH000412: Hibernate ORM core version 6.6.44.Final
2026-04-13T10:46:15.436+05:30  INFO 5744 --- [quantity-measurement-app] [           main] o.h.c.internal.RegionFactoryInitiator    : HHH000026: Second-level cache disabled
2026-04-13T10:46:17.111+05:30  INFO 5744 --- [quantity-measurement-app] [           main] o.s.o.j.p.SpringPersistenceUnitInfo      : No LoadTimeWeaver setup: ignoring JPA class transformer
2026-04-13T10:46:17.315+05:30  INFO 5744 --- [quantity-measurement-app] [           main] com.zaxxer.hikari.HikariDataSource       : HikariPool-1 - Starting...
2026-04-13T10:46:18.376+05:30  INFO 5744 --- [quantity-measurement-app] [           main] com.zaxxer.hikari.pool.HikariPool        : HikariPool-1 - Added connection conn0: url=jdbc:h2:mem:quantity_db user=SA
2026-04-13T10:46:18.389+05:30  INFO 5744 --- [quantity-measurement-app] [           main] com.zaxxer.hikari.HikariDataSource       : HikariPool-1 - Start completed.
2026-04-13T10:46:18.539+05:30  WARN 5744 --- [quantity-measurement-app] [           main] org.hibernate.orm.deprecation            : HHH90000025: H2Dialect does not need to be specified explicitly using 'hibernate.dialect' (remove the property setting and it will be selected by default)
2026-04-13T10:46:18.645+05:30  INFO 5744 --- [quantity-measurement-app] [           main] org.hibernate.orm.connections.pooling    : HHH10001005: Database info:
	Database JDBC URL [Connecting through datasource 'HikariDataSource (HikariPool-1)']
	Database driver: undefined/unknown
	Database version: 2.3.232
	Autocommit mode: undefined/unknown
	Isolation level: undefined/unknown
	Minimum pool size: undefined/unknown
	Maximum pool size: undefined/unknown
2026-04-13T10:46:22.596+05:30  INFO 5744 --- [quantity-measurement-app] [           main] o.h.e.t.j.p.i.JtaPlatformInitiator       : HHH000489: No JTA platform available (set 'hibernate.transaction.jta.platform' to enable JTA platform integration)
Hibernate: 
    drop table if exists quantity_measurements cascade 
Hibernate: 
    drop table if exists quantity_history cascade 
Hibernate: 
    drop table if exists users cascade 
Hibernate: 
    create table quantity_measurements (
        error boolean not null,
        result float(53),
        value1 float(53),
        value2 float(53),
        id bigint generated by default as identity,
        error_message varchar(255),
        operation varchar(255),
        result_unit varchar(255),
        type varchar(255),
        unit1 varchar(255),
        unit2 varchar(255),
        primary key (id)
    )
Hibernate: 
    create table quantity_history (
        input_value1 float(53) not null,
        input_value2 float(53),
        result float(53) not null,
        id bigint generated by default as identity,
        timestamp timestamp(6),
        measurement_type varchar(255),
        operation_type varchar(255),
        result_unit varchar(255),
        unit1 varchar(255),
        unit2 varchar(255),
        username varchar(255),
        primary key (id)
    )
Hibernate: 
    create table users (
        id bigint generated by default as identity,
        email varchar(255),
        password varchar(255),
        role varchar(255),
        username varchar(255),
        primary key (id)
    )
2026-04-13T10:46:22.786+05:30  INFO 5744 --- [quantity-measurement-app] [           main] j.LocalContainerEntityManagerFactoryBean : Initialized JPA EntityManagerFactory for persistence unit 'default'
2026-04-13T10:46:25.747+05:30  INFO 5744 --- [quantity-measurement-app] [           main] r$InitializeUserDetailsManagerConfigurer : Global AuthenticationManager configured with UserDetailsService bean with name customUserDetailsService
2026-04-13T10:46:27.006+05:30  WARN 5744 --- [quantity-measurement-app] [           main] JpaBaseConfiguration$JpaWebConfiguration : spring.jpa.open-in-view is enabled by default. Therefore, database queries may be performed during view rendering. Explicitly configure spring.jpa.open-in-view to disable this warning
2026-04-13T10:46:31.364+05:30  INFO 5744 --- [quantity-measurement-app] [           main] o.s.b.a.e.web.EndpointLinksResolver      : Exposing 2 endpoints beneath base path '/actuator'
2026-04-13T10:46:36.372+05:30  INFO 5744 --- [quantity-measurement-app] [           main] o.s.b.a.h2.H2ConsoleAutoConfiguration    : H2 console available at '/h2-console'. Database available at 'jdbc:h2:mem:quantity_db'
2026-04-13T10:46:38.057+05:30  WARN 5744 --- [quantity-measurement-app] [           main] ConfigServletWebServerApplicationContext : Exception encountered during context initialization - cancelling refresh attempt: org.springframework.context.ApplicationContextException: Failed to start bean 'webServerStartStop'
2026-04-13T10:46:38.076+05:30  INFO 5744 --- [quantity-measurement-app] [           main] j.LocalContainerEntityManagerFactoryBean : Closing JPA EntityManagerFactory for persistence unit 'default'
Hibernate: 
    drop table if exists quantity_measurements cascade 
Hibernate: 
    drop table if exists quantity_history cascade 
Hibernate: 
    drop table if exists users cascade 
2026-04-13T10:46:38.110+05:30  INFO 5744 --- [quantity-measurement-app] [           main] com.zaxxer.hikari.HikariDataSource       : HikariPool-1 - Shutdown initiated...
2026-04-13T10:46:38.128+05:30  INFO 5744 --- [quantity-measurement-app] [           main] com.zaxxer.hikari.HikariDataSource       : HikariPool-1 - Shutdown completed.
2026-04-13T10:46:38.258+05:30  INFO 5744 --- [quantity-measurement-app] [           main] .s.b.a.l.ConditionEvaluationReportLogger : 

Error starting ApplicationContext. To display the condition evaluation report re-run your application with 'debug' enabled.
2026-04-13T10:46:38.426+05:30 ERROR 5744 --- [quantity-measurement-app] [           main] o.s.b.d.LoggingFailureAnalysisReporter   : 

***************************
APPLICATION FAILED TO START
***************************

Description:

Web server failed to start. Port 8080 was already in use.

Action:

Identify and stop the process that's listening on port 8080 or configure this application to listen on another port.

